
> @logomesh/server@1.0.0 start /app/packages/server
> node dist/server.js

node:internal/modules/cjs/loader:1386
  throw err;
  ^

Error: Cannot find module '@logomesh/core/src/orchestration/evaluationOrchestrator'
Require stack:
- /app/packages/server/dist/routes/evaluation.routes.js
- /app/packages/server/dist/server.js
    at Function._resolveFilename (node:internal/modules/cjs/loader:1383:15)
    at defaultResolveImpl (node:internal/modules/cjs/loader:1025:19)
    at resolveForCJSWithHooks (node:internal/modules/cjs/loader:1030:22)
    at Function._load (node:internal/modules/cjs/loader:1192:37)
    at TracingChannel.traceSync (node:diagnostics_channel:322:14)
    at wrapModuleLoad (node:internal/modules/cjs/loader:237:24)
    at Module.require (node:internal/modules/cjs/loader:1463:12)
    at require (node:internal/modules/helpers:147:16)
    at Object.<anonymous> (/app/packages/server/dist/routes/evaluation.routes.js:5:34)
    at Module._compile (node:internal/modules/cjs/loader:1706:14) {
  code: 'MODULE_NOT_FOUND',
  requireStack: [
    '/app/packages/server/dist/routes/evaluation.routes.js',
    '/app/packages/server/dist/server.js'
  ]
}

Node.js v22.20.0
/app/packages/server:
 ERR_PNPM_RECURSIVE_RUN_FIRST_FAIL  @logomesh/server@1.0.0 start: `node dist/server.js`
Exit status 1
