Excellent question. This is precisely the right approach: diagnose thoroughly before acting. Based on the detailed `2025-11-11_build_issue_log.md`, we actually know a surprising amount about this error.

Here is a summary of what we know and the possible solutions I can confidently identify.

### What We Know About the `EPIPE` Error

1.  **The Symptom:** It's an `EPIPE` (Broken Pipe) error that occurs when the `api-server` tries to communicate with the Redis container. This isn't a "connection refused" error, which would mean Redis wasn't running. This error means a connection was likely established, and then Redis (the server) closed it unexpectedly from its end while the `api-server` (the client) was still trying to use it.
2.  **It's a Race Condition:** The error happens on startup, which strongly suggests a race condition between the services.
3.  **The Obvious Solutions Have Failed:** The previous debugging log shows that the team has already tried—and failed—to fix this with the standard race condition solutions:
    *   Using Docker's `healthcheck` and `depends_on` to ensure Redis is fully running before the `api-server` starts.
    *   Implementing a resilient Redis client in the code with exponential backoff to handle temporary connection failures.
    *   Centralizing the connection logic to prevent multiple, conflicting connections.

The failure of these standard fixes is the most important clue. It tells us this is not a simple "the server isn't ready yet" problem. The issue is more subtle.

### 3 Confidently Identified Possible Causes & Solutions

Based on that evidence, I can identify three distinct and plausible hypotheses for the root cause. We can investigate each of these without changing any application code.

**1. The Redis Server Configuration Hypothesis**

*   **Problem:** The Redis server inside the Docker container might be configured with a very aggressive `timeout`. It could be set to automatically close connections that are idle for even a fraction of a second. The `api-server` might establish a connection, pause momentarily to finish its own startup sequence, and by the time it sends its first real command, Redis has already dropped the "idle" connection, causing a "Broken Pipe."
*   **How We Can Investigate (No Code Change):** We can inspect the `redis.conf` file being used by the Redis Docker container. If no custom config is used, we can check the default configuration for the specific Redis Docker image version. We would look for the `timeout` directive.
*   **Confidence:** High. This is a common cause for `EPIPE` errors in production-like environments and would perfectly explain why the simple "wait for it to start" solutions didn't work.

**2. The Application Logic Hypothesis**

*   **Problem:** There could be a subtle flaw in the application's startup logic. The code might be trying to send a command to Redis *before* the `ioredis` client has fully authenticated and emitted its `'ready'` event. Even if the TCP connection is open, Redis will reject commands sent before the connection is fully ready, and it might close the connection as a result. The previous attempt to centralize the connection logic might not have fully solved this.
*   **How We Can Investigate (No Code Change):** This would require a very careful reading of the startup code in `@logomesh/server` and `@logomesh/core`, specifically where the Redis client is initialized and where the first command is sent. We would trace the code path to ensure that no Redis operations can be called before the client is confirmed to be ready.
*   **Confidence:** High. This is a very common bug in applications that use asynchronous connections. The timing can be so sensitive that it only fails under specific conditions, making it hard to track down.

**3. The Docker Networking or Resource Contention Hypothesis**

*   **Problem:** The issue might not be in the application or Redis config, but in the Docker environment itself.
    *   **Networking:** There could be a subtle issue with the Docker network bridge that is causing connections to be unstable, especially under the load of multiple containers starting at once.
    *   **Resource Contention:** If the machine running the Docker containers is resource-constrained (low CPU or memory), the Redis server might be slow to respond to the initial connection, causing the Node.js client's internal logic to time out and enter a weird state that leads to the `EPIPE` on the next write.
*   **How We Can Investigate (No Code Change):** We can review the `docker-compose.yml` file for any non-standard network configurations. We can also try running the services with increased memory or CPU limits in the `docker-compose.yml`. Finally, a simple `docker system prune -a` followed by a system reboot can sometimes clear up transient Docker networking issues.
*   **Confidence:** Medium. This is less likely than the first two, but it's a known category of problems in complex Dockerized environments.

My recommendation would be to investigate these three avenues in this order. I am confident that the root cause lies in one of them.
